[2026-04-18 18:50:31,685] 1025 httpx - INFO - HTTP Request: GET https://dagshub.com/api/v1/user "HTTP/1.1 200 OK"
[2026-04-18 18:50:31,716] 107 dagshub - INFO - Accessing as rohit-thecoder
[2026-04-18 18:50:32,914] 1025 httpx - INFO - HTTP Request: GET https://dagshub.com/api/v1/repos/rohit-thecoder/networksecuritymlproject "HTTP/1.1 200 OK"
[2026-04-18 18:50:34,143] 1025 httpx - INFO - HTTP Request: GET https://dagshub.com/api/v1/user "HTTP/1.1 200 OK"
[2026-04-18 18:50:34,149] 107 dagshub - INFO - Initialized MLflow to track repo "rohit-thecoder/networksecuritymlproject"
[2026-04-18 18:50:34,158] 107 dagshub - INFO - Repository rohit-thecoder/networksecuritymlproject initialized!
[2026-04-18 18:50:34,159] 17 root - INFO - Initiate the data ingestion
[2026-04-18 18:50:38,546] 67 root - INFO - Entered split_data_as_train_test method
[2026-04-18 18:50:38,556] 76 root - INFO - Performed train-test split on the dataframe
[2026-04-18 18:50:38,558] 82 root - INFO - Exporting train and test files
[2026-04-18 18:50:38,742] 98 root - INFO - Train and test files saved successfully
[2026-04-18 18:50:38,744] 19 root - INFO - Data Initiated completed
[2026-04-18 18:50:38,764] 30 root - INFO - DataValidation initialized
[2026-04-18 18:50:38,765] 24 root - INFO - Initiate the data validation
[2026-04-18 18:50:38,880] 46 root - INFO - Require number of columns: 31
[2026-04-18 18:50:38,880] 47 root - INFO - DataFrame has columns: 31
[2026-04-18 18:50:38,881] 46 root - INFO - Require number of columns: 31
[2026-04-18 18:50:38,881] 47 root - INFO - DataFrame has columns: 31
[2026-04-18 18:50:38,881] 59 root - INFO - Required Numerical Columns: ['having_IP_Address', 'URL_Length', 'Shortining_Service', 'having_At_Symbol', 'double_slash_redirecting', 'Prefix_Suffix', 'having_Sub_Domain', 'SSLfinal_State', 'Domain_registeration_length', 'Favicon', 'port', 'HTTPS_token', 'Request_URL', 'URL_of_Anchor', 'Links_in_tags', 'SFH', 'Submitting_to_email', 'Abnormal_URL', 'Redirect', 'on_mouseover', 'RightClick', 'popUpWidnow', 'Iframe', 'age_of_domain', 'DNSRecord', 'web_traffic', 'Page_Rank', 'Google_Index', 'Links_pointing_to_page', 'Statistical_report', 'Result']
[2026-04-18 18:50:38,881] 67 root - INFO - All numerical columns are present
[2026-04-18 18:50:38,881] 59 root - INFO - Required Numerical Columns: ['having_IP_Address', 'URL_Length', 'Shortining_Service', 'having_At_Symbol', 'double_slash_redirecting', 'Prefix_Suffix', 'having_Sub_Domain', 'SSLfinal_State', 'Domain_registeration_length', 'Favicon', 'port', 'HTTPS_token', 'Request_URL', 'URL_of_Anchor', 'Links_in_tags', 'SFH', 'Submitting_to_email', 'Abnormal_URL', 'Redirect', 'on_mouseover', 'RightClick', 'popUpWidnow', 'Iframe', 'age_of_domain', 'DNSRecord', 'web_traffic', 'Page_Rank', 'Google_Index', 'Links_pointing_to_page', 'Statistical_report', 'Result']
[2026-04-18 18:50:38,881] 67 root - INFO - All numerical columns are present
[2026-04-18 18:50:39,402] 26 root - INFO - Data Validation Completed
[2026-04-18 18:50:39,403] 30 root - INFO - Data Transformation Started
[2026-04-18 18:50:39,403] 64 root - INFO - Entered initiate_data_transformation method of DataTransformation class
[2026-04-18 18:50:39,404] 66 root - INFO - Starting data transformation
[2026-04-18 18:50:39,471] 46 root - INFO - Entered get_data_transformer_object method of DataTransformation class
[2026-04-18 18:50:39,471] 52 root - INFO - Initialize KNN Imputer with {'missing_values': nan, 'n_neighbors': 3, 'weights': 'uniform'}
[2026-04-18 18:50:39,509] 63 root - INFO - Entered the save_object method in Mainutils class
[2026-04-18 18:50:39,515] 68 root - INFO - Exited the save_object method in Mainutils class
[2026-04-18 18:50:39,516] 63 root - INFO - Entered the save_object method in Mainutils class
[2026-04-18 18:50:39,522] 68 root - INFO - Exited the save_object method in Mainutils class
[2026-04-18 18:50:39,525] 34 root - INFO - Data Transformation Completed
[2026-04-18 18:50:39,526] 36 root - INFO - Model training started
[2026-04-18 18:50:39,526] 174 root - INFO - Loading transformed data
[2026-04-18 18:50:39,572] 63 root - INFO - Starting model training and evaluation
[2026-04-18 19:00:58,951] 112 root - INFO - Best Model Found: Random Forest
[2026-04-18 19:01:54,366] 63 root - INFO - Entered the save_object method in Mainutils class
[2026-04-18 19:01:54,392] 68 root - INFO - Exited the save_object method in Mainutils class
[2026-04-18 19:01:54,397] 63 root - INFO - Entered the save_object method in Mainutils class
[2026-04-18 19:01:54,407] 68 root - INFO - Exited the save_object method in Mainutils class
[2026-04-18 19:01:54,407] 165 root - INFO - Model Trainer Artifact: ModelTrainerArtifact(trained_model_file_path='Artifacts\\04_18_2026_18_50_23\\model_trainer\\trained_model\\model.pkl', train_metric_artifact=ClassificationMetricArtifact(f1_score=0.9911558401951814, precision_score=0.9878419452887538, recall_score=0.9944920440636474), test_metric_artifact=ClassificationMetricArtifact(f1_score=0.971473851030111, precision_score=0.9661150512214342, recall_score=0.9768924302788845))
[2026-04-18 19:01:54,411] 43 root - INFO - Model training artifact created successfully
