[2026-04-18 18:42:46,342] 1025 httpx - INFO - HTTP Request: GET https://dagshub.com/api/v1/user "HTTP/1.1 200 OK"
[2026-04-18 18:42:46,367] 107 dagshub - INFO - Accessing as rohit-thecoder
[2026-04-18 18:42:48,476] 1025 httpx - INFO - HTTP Request: GET https://dagshub.com/api/v1/repos/rohit-thecoder/networksecuritymlproject "HTTP/1.1 200 OK"
[2026-04-18 18:42:50,796] 1025 httpx - INFO - HTTP Request: GET https://dagshub.com/api/v1/user "HTTP/1.1 200 OK"
[2026-04-18 18:42:50,800] 107 dagshub - INFO - Initialized MLflow to track repo "rohit-thecoder/networksecuritymlproject"
[2026-04-18 18:42:50,810] 107 dagshub - INFO - Repository rohit-thecoder/networksecuritymlproject initialized!
[2026-04-18 18:43:05,119] 39 root - INFO - Start Data Ingestion
[2026-04-18 18:43:11,834] 67 root - INFO - Entered split_data_as_train_test method
[2026-04-18 18:43:11,855] 76 root - INFO - Performed train-test split on the dataframe
[2026-04-18 18:43:11,857] 82 root - INFO - Exporting train and test files
[2026-04-18 18:43:12,062] 98 root - INFO - Train and test files saved successfully
[2026-04-18 18:43:12,063] 42 root - INFO - Data ingestion completed and artifact: DataIngestionArtifact(trained_file_path='Artifacts\\04_18_2026_18_42_37\\data_ingestion\\ingested\\train.csv', test_file_path='Artifacts\\04_18_2026_18_42_37\\data_ingestion\\ingested\\test.csv')
[2026-04-18 18:43:12,126] 30 root - INFO - DataValidation initialized
[2026-04-18 18:43:12,127] 51 root - INFO - Initiate the data validation
[2026-04-18 18:43:12,322] 46 root - INFO - Require number of columns: 31
[2026-04-18 18:43:12,323] 47 root - INFO - DataFrame has columns: 31
[2026-04-18 18:43:12,323] 46 root - INFO - Require number of columns: 31
[2026-04-18 18:43:12,323] 47 root - INFO - DataFrame has columns: 31
[2026-04-18 18:43:12,323] 59 root - INFO - Required Numerical Columns: ['having_IP_Address', 'URL_Length', 'Shortining_Service', 'having_At_Symbol', 'double_slash_redirecting', 'Prefix_Suffix', 'having_Sub_Domain', 'SSLfinal_State', 'Domain_registeration_length', 'Favicon', 'port', 'HTTPS_token', 'Request_URL', 'URL_of_Anchor', 'Links_in_tags', 'SFH', 'Submitting_to_email', 'Abnormal_URL', 'Redirect', 'on_mouseover', 'RightClick', 'popUpWidnow', 'Iframe', 'age_of_domain', 'DNSRecord', 'web_traffic', 'Page_Rank', 'Google_Index', 'Links_pointing_to_page', 'Statistical_report', 'Result']
[2026-04-18 18:43:12,324] 67 root - INFO - All numerical columns are present
[2026-04-18 18:43:12,324] 59 root - INFO - Required Numerical Columns: ['having_IP_Address', 'URL_Length', 'Shortining_Service', 'having_At_Symbol', 'double_slash_redirecting', 'Prefix_Suffix', 'having_Sub_Domain', 'SSLfinal_State', 'Domain_registeration_length', 'Favicon', 'port', 'HTTPS_token', 'Request_URL', 'URL_of_Anchor', 'Links_in_tags', 'SFH', 'Submitting_to_email', 'Abnormal_URL', 'Redirect', 'on_mouseover', 'RightClick', 'popUpWidnow', 'Iframe', 'age_of_domain', 'DNSRecord', 'web_traffic', 'Page_Rank', 'Google_Index', 'Links_pointing_to_page', 'Statistical_report', 'Result']
[2026-04-18 18:43:12,324] 67 root - INFO - All numerical columns are present
[2026-04-18 18:43:12,740] 64 root - INFO - Entered initiate_data_transformation method of DataTransformation class
[2026-04-18 18:43:12,741] 66 root - INFO - Starting data transformation
[2026-04-18 18:43:12,795] 46 root - INFO - Entered get_data_transformer_object method of DataTransformation class
[2026-04-18 18:43:12,795] 52 root - INFO - Initialize KNN Imputer with {'missing_values': nan, 'n_neighbors': 3, 'weights': 'uniform'}
[2026-04-18 18:43:12,836] 63 root - INFO - Entered the save_object method in Mainutils class
[2026-04-18 18:43:12,845] 68 root - INFO - Exited the save_object method in Mainutils class
[2026-04-18 18:43:12,846] 63 root - INFO - Entered the save_object method in Mainutils class
[2026-04-18 18:43:12,855] 68 root - INFO - Exited the save_object method in Mainutils class
